<?xml version="1.0" encoding="UTF-8"?>
<!-- Generated by org.testng.reporters.JUnitReportReporter -->
<testsuite hostname="DESKTOP-45VA84T" failures="0" tests="1" name="ChomaProjects.MavenDemoAugust07.WebFromDemo" time="4.498" errors="0" timestamp="2025-08-07T08:07:01 IST" skipped="0">
  <testcase classname="ChomaProjects.MavenDemoAugust07.WebFromDemo" name="fillFrom" time="4.498"/>
</testsuite> <!-- ChomaProjects.MavenDemoAugust07.WebFromDemo -->
