<?xml version="1.0" encoding="UTF-8"?>
<!-- Generated by org.testng.reporters.JUnitReportReporter -->
<testsuite hostname="DESKTOP-45VA84T" failures="0" tests="1" name="ChomaProjects.MavenDemoAugust07.WebFromDemo" time="7.554" errors="0" timestamp="2025-08-13T23:08:55 IST" skipped="0">
  <testcase classname="ChomaProjects.MavenDemoAugust07.WebFromDemo" name="fillFrom" time="7.554"/>
</testsuite> <!-- ChomaProjects.MavenDemoAugust07.WebFromDemo -->
